Debug	#2014-02-24 09:52:05 	>调试
Info	#2014-02-24 09:52:05 	>信息
Warning	#2014-02-24 09:52:05 	>警告
Error	#2014-02-24 09:52:05 	>错误
SQL	#2014-02-24 09:52:05 	>SQL信息
Debug	#2014-02-24 10:38:38 	>调试
Info	#2014-02-24 10:38:38 	>信息
Warning	#2014-02-24 10:38:38 	>警告
Error	#2014-02-24 10:38:38 	>错误
SQL	#2014-02-24 10:38:38 	>SQL信息
Debug	#2014-02-24 11:12:23 	>调试
Info	#2014-02-24 11:12:23 	>信息
Warning	#2014-02-24 11:12:23 	>警告
Error	#2014-02-24 11:12:23 	>错误
SQL	#2014-02-24 11:12:23 	>SQL信息
Debug	#2014-02-24 11:12:32 	>调试
Info	#2014-02-24 11:12:32 	>信息
Warning	#2014-02-24 11:12:32 	>警告
Error	#2014-02-24 11:12:32 	>错误
SQL	#2014-02-24 11:12:32 	>SQL信息
Debug	#2014-02-24 11:12:55 	>调试
Info	#2014-02-24 11:12:55 	>信息
Warning	#2014-02-24 11:12:55 	>警告
Error	#2014-02-24 11:12:55 	>错误
SQL	#2014-02-24 11:12:55 	>SQL信息
